#
# A fatal error has been detected by the Java Runtime Environment:
#
#  EXCEPTION_ACCESS_VIOLATION (0xc0000005) at pc=0x0000000050debb89, pid=4048, tid=0x000000000000248c
#
# JRE version: Java(TM) SE Runtime Environment (8.0_144-b01) (build 1.8.0_144-b01)
# Java VM: Java HotSpot(TM) 64-Bit Server VM (25.144-b01 mixed mode windows-amd64 compressed oops)
# Problematic frame:
# C  [glass.dll+0x1bb89]
#
# Failed to write core dump. Minidumps are not enabled by default on client versions of Windows
#
# If you would like to submit a bug report, please visit:
#   http://bugreport.java.com/bugreport/crash.jsp
# The crash happened outside the Java Virtual Machine in native code.
# See problematic frame for where to report the bug.
#

---------------  T H R E A D  ---------------

Current thread (0x000000001f866800):  JavaThread "JavaFX Application Thread" [_thread_in_native, id=9356, stack(0x0000000020890000,0x0000000020990000)]

siginfo: ExceptionCode=0xc0000005, reading address 0x0000000028f6a7a8

Registers:
RAX=0x0000000000000000, RBX=0x0000000028f6a6a0, RCX=0x6df8a7a2c5680000, RDX=0x000000001f872798
RSP=0x000000002098c410, RBP=0x000000002098c469, RSI=0x0000000000000100, RDI=0x0000000028f6a6a0
R8 =0x000000000000000c, R9 =0x000000001f86d7d0, R10=0x000000001c6252b0, R11=0x000000002098c220
R12=0x0000000000000000, R13=0x0000000000000100, R14=0x000000000000000d, R15=0x00000000011c0001
RIP=0x0000000050debb89, EFLAGS=0x0000000000010206

Top of Stack: (sp=0x000000002098c410)
0x000000002098c410:   000000002098c3a8 0000000028f6a6a0
0x000000002098c420:   000000000000000d 00007ffc8a3db674
0x000000002098c430:   00000000011c0001 00007ffc8a3c7709
0x000000002098c440:   0000000000000000 000000002098c450
0x000000002098c450:   0000000000180016 0000000000000000
0x000000002098c460:   0000000000000000 00007ffc8aa6922b
0x000000002098c470:   0000000000000040 00006df8873a0178
0x000000002098c480:   0000000050df64f0 0000000000000100
0x000000002098c490:   0000000000000000 0000000028f6a6a0
0x000000002098c4a0:   0000000000000000 00000000011c0001
0x000000002098c4b0:   00000000008a047c 0000000000000100
0x000000002098c4c0:   000000000000000d 0000000050dd17e8
0x000000002098c4d0:   000000000000000d 0000000000000100
0x000000002098c4e0:   0000000000000001 000000000000000d
0x000000002098c4f0:   0000000000000000 00007ffc89e26d41
0x000000002098c500:   0000000000000001 000000002098c7e8 

Instructions: (pc=0x0000000050debb89)
0x0000000050debb69:   00 00 0f 84 75 03 00 00 48 8b 57 08 48 8d 4f 28
0x0000000050debb79:   4d 8b ce 44 8b c6 4c 89 7c 24 20 e8 27 36 00 00
0x0000000050debb89:   48 83 bf 08 01 00 00 00 0f 85 46 fd ff ff 49 83
0x0000000050debb99:   fe 12 0f 84 45 03 00 00 49 83 fe 79 0f 85 32 fd 


Register to memory mapping:

RAX=0x0000000000000000 is an unknown value
RBX=0x0000000028f6a6a0 is an unknown value
RCX=0x6df8a7a2c5680000 is an unknown value
RDX=0x000000001f872798 is an unknown value
RSP=0x000000002098c410 is pointing into the stack for thread: 0x000000001f866800
RBP=0x000000002098c469 is pointing into the stack for thread: 0x000000001f866800
RSI=0x0000000000000100 is an unknown value
RDI=0x0000000028f6a6a0 is an unknown value
R8 =0x000000000000000c is an unknown value
R9 =0x000000001f86d7d0 is an unknown value
R10={method} {0x000000001c6252b8} 'notifyKey' '(II[CI)V' in 'com/sun/glass/ui/View'
R11=0x000000002098c220 is pointing into the stack for thread: 0x000000001f866800
R12=0x0000000000000000 is an unknown value
R13=0x0000000000000100 is an unknown value
R14=0x000000000000000d is an unknown value
R15=0x00000000011c0001 is an unknown value


Stack: [0x0000000020890000,0x0000000020990000],  sp=0x000000002098c410,  free space=1009k
Native frames: (J=compiled Java code, j=interpreted, Vv=VM code, C=native code)
C  [glass.dll+0x1bb89]
C  [glass.dll+0x17e8]
C  [USER32.dll+0x16d41]
C  [USER32.dll+0x16713]
C  [glass.dll+0x9db1]
C  0x0000000003067f74

Java frames: (J=compiled Java code, j=interpreted, Vv=VM code)
j  com.sun.glass.ui.win.WinApplication._enterNestedEventLoopImpl()Ljava/lang/Object;+0
j  com.sun.glass.ui.win.WinApplication._enterNestedEventLoop()Ljava/lang/Object;+15
j  com.sun.glass.ui.Application.enterNestedEventLoop()Ljava/lang/Object;+14
j  com.sun.glass.ui.EventLoop.enter()Ljava/lang/Object;+42
j  com.sun.javafx.tk.quantum.QuantumToolkit.enterNestedEventLoop(Ljava/lang/Object;)Ljava/lang/Object;+107
j  javafx.stage.Stage.showAndWait()V+93
j  javafx.scene.control.HeavyweightDialog.showAndWait()V+22
j  javafx.scene.control.Dialog.showAndWait()Ljava/util/Optional;+88
j  carDealership.Store.eventCode(Ljavafx/event/ActionEvent;)V+138
j  carDealership.Store.lambda$start$0(Ljavafx/event/ActionEvent;)V+2
j  carDealership.Store$$Lambda$82.handle(Ljavafx/event/Event;)V+8
J 1276 C1 com.sun.javafx.event.CompositeEventHandler.dispatchBubblingEvent(Ljavafx/event/Event;)V (57 bytes) @ 0x000000000349c8e4 [0x000000000349c500+0x3e4]
J 1230 C1 com.sun.javafx.event.EventHandlerManager.dispatchBubblingEvent(Ljavafx/event/Event;)Ljavafx/event/Event; (23 bytes) @ 0x0000000003487ea4 [0x0000000003487820+0x684]
J 1229 C1 com.sun.javafx.event.CompositeEventDispatcher.dispatchBubblingEvent(Ljavafx/event/Event;)Ljavafx/event/Event; (35 bytes) @ 0x000000000348881c [0x0000000003488660+0x1bc]
J 1206 C1 com.sun.javafx.event.BasicEventDispatcher.dispatchEvent(Ljavafx/event/Event;Ljavafx/event/EventDispatchChain;)Ljavafx/event/Event; (44 bytes) @ 0x000000000347c73c [0x000000000347c400+0x33c]
J 1190 C1 com.sun.javafx.event.EventDispatchChainImpl.dispatchEvent(Ljavafx/event/Event;)Ljavafx/event/Event; (101 bytes) @ 0x0000000003471abc [0x0000000003471900+0x1bc]
J 1206 C1 com.sun.javafx.event.BasicEventDispatcher.dispatchEvent(Ljavafx/event/Event;Ljavafx/event/EventDispatchChain;)Ljavafx/event/Event; (44 bytes) @ 0x000000000347c654 [0x000000000347c400+0x254]
J 1190 C1 com.sun.javafx.event.EventDispatchChainImpl.dispatchEvent(Ljavafx/event/Event;)Ljavafx/event/Event; (101 bytes) @ 0x0000000003471abc [0x0000000003471900+0x1bc]
J 1206 C1 com.sun.javafx.event.BasicEventDispatcher.dispatchEvent(Ljavafx/event/Event;Ljavafx/event/EventDispatchChain;)Ljavafx/event/Event; (44 bytes) @ 0x000000000347c654 [0x000000000347c400+0x254]
J 1190 C1 com.sun.javafx.event.EventDispatchChainImpl.dispatchEvent(Ljavafx/event/Event;)Ljavafx/event/Event; (101 bytes) @ 0x0000000003471abc [0x0000000003471900+0x1bc]
J 1309 C1 com.sun.javafx.event.EventUtil.fireEvent(Ljavafx/event/EventTarget;Ljavafx/event/Event;)Ljavafx/event/Event; (81 bytes) @ 0x00000000034af85c [0x00000000034aec60+0xbfc]
J 1308 C1 javafx.event.Event.fireEvent(Ljavafx/event/EventTarget;Ljavafx/event/Event;)V (35 bytes) @ 0x00000000034ad06c [0x00000000034acfa0+0xcc]
j  javafx.scene.Node.fireEvent(Ljavafx/event/Event;)V+86
j  javafx.scene.control.Button.fire()V+15
j  com.sun.javafx.scene.control.behavior.ButtonBehavior.mouseReleased(Ljavafx/scene/input/MouseEvent;)V+23
j  com.sun.javafx.scene.control.skin.BehaviorSkinBase$1.handle(Ljavafx/scene/input/MouseEvent;)V+83
j  com.sun.javafx.scene.control.skin.BehaviorSkinBase$1.handle(Ljavafx/event/Event;)V+5
J 1330 C1 com.sun.javafx.event.CompositeEventHandler$NormalEventHandlerRecord.handleBubblingEvent(Ljavafx/event/Event;)V (11 bytes) @ 0x00000000034bbd4c [0x00000000034bbc40+0x10c]
J 1276 C1 com.sun.javafx.event.CompositeEventHandler.dispatchBubblingEvent(Ljavafx/event/Event;)V (57 bytes) @ 0x000000000349c74c [0x000000000349c500+0x24c]
J 1230 C1 com.sun.javafx.event.EventHandlerManager.dispatchBubblingEvent(Ljavafx/event/Event;)Ljavafx/event/Event; (23 bytes) @ 0x0000000003487ea4 [0x0000000003487820+0x684]
J 1229 C1 com.sun.javafx.event.CompositeEventDispatcher.dispatchBubblingEvent(Ljavafx/event/Event;)Ljavafx/event/Event; (35 bytes) @ 0x000000000348881c [0x0000000003488660+0x1bc]
J 1206 C1 com.sun.javafx.event.BasicEventDispatcher.dispatchEvent(Ljavafx/event/Event;Ljavafx/event/EventDispatchChain;)Ljavafx/event/Event; (44 bytes) @ 0x000000000347c73c [0x000000000347c400+0x33c]
J 1190 C1 com.sun.javafx.event.EventDispatchChainImpl.dispatchEvent(Ljavafx/event/Event;)Ljavafx/event/Event; (101 bytes) @ 0x0000000003471abc [0x0000000003471900+0x1bc]
J 1206 C1 com.sun.javafx.event.BasicEventDispatcher.dispatchEvent(Ljavafx/event/Event;Ljavafx/event/EventDispatchChain;)Ljavafx/event/Event; (44 bytes) @ 0x000000000347c654 [0x000000000347c400+0x254]
J 1190 C1 com.sun.javafx.event.EventDispatchChainImpl.dispatchEvent(Ljavafx/event/Event;)Ljavafx/event/Event; (101 bytes) @ 0x0000000003471abc [0x0000000003471900+0x1bc]
J 1206 C1 com.sun.javafx.event.BasicEventDispatcher.dispatchEvent(Ljavafx/event/Event;Ljavafx/event/EventDispatchChain;)Ljavafx/event/Event; (44 bytes) @ 0x000000000347c654 [0x000000000347c400+0x254]
J 1190 C1 com.sun.javafx.event.EventDispatchChainImpl.dispatchEvent(Ljavafx/event/Event;)Ljavafx/event/Event; (101 bytes) @ 0x0000000003471abc [0x0000000003471900+0x1bc]
J 1309 C1 com.sun.javafx.event.EventUtil.fireEvent(Ljavafx/event/EventTarget;Ljavafx/event/Event;)Ljavafx/event/Event; (81 bytes) @ 0x00000000034af3a4 [0x00000000034aec60+0x744]
J 1411 C1 javafx.scene.Scene$MouseHandler.process(Ljavafx/scene/input/MouseEvent;Z)V (735 bytes) @ 0x00000000034f6a3c [0x00000000034f3f80+0x2abc]
J 1410 C1 javafx.scene.Scene$MouseHandler.access$1500(Ljavafx/scene/Scene$MouseHandler;Ljavafx/scene/input/MouseEvent;Z)V (7 bytes) @ 0x00000000034eeddc [0x00000000034eed80+0x5c]
j  javafx.scene.Scene.impl_processMouseEvent(Ljavafx/scene/input/MouseEvent;)V+6
j  javafx.scene.Scene$ScenePeerListener.mouseEvent(Ljavafx/event/EventType;DDDDLjavafx/scene/input/MouseButton;ZZZZZZZZZ)V+46
j  com.sun.javafx.tk.quantum.GlassViewEventHandler$MouseEventNotification.run()Ljava/lang/Void;+514
j  com.sun.javafx.tk.quantum.GlassViewEventHandler$MouseEventNotification.run()Ljava/lang/Object;+1
v  ~StubRoutines::call_stub
J 1293  java.security.AccessController.doPrivileged(Ljava/security/PrivilegedAction;Ljava/security/AccessControlContext;)Ljava/lang/Object; (0 bytes) @ 0x000000000349fee6 [0x000000000349fe80+0x66]
J 1366 C1 com.sun.javafx.tk.quantum.GlassViewEventHandler$$Lambda$221.get()Ljava/lang/Object; (8 bytes) @ 0x00000000034d83cc [0x00000000034d81e0+0x1ec]
J 1306 C1 com.sun.javafx.tk.quantum.QuantumToolkit.runWithoutRenderLock(Ljava/util/function/Supplier;)Ljava/lang/Object; (49 bytes) @ 0x00000000034ac524 [0x00000000034abfe0+0x544]
J 1363 C1 com.sun.javafx.tk.quantum.GlassViewEventHandler.handleMouseEvent(Lcom/sun/glass/ui/View;JIIIIIIIZZ)V (108 bytes) @ 0x00000000034d7264 [0x00000000034d6e40+0x424]
J 1325 C1 com.sun.glass.ui.View.notifyMouse(IIIIIIIZZ)V (221 bytes) @ 0x00000000034b96dc [0x00000000034b85e0+0x10fc]
v  ~StubRoutines::call_stub
j  com.sun.glass.ui.win.WinApplication._runLoop(Ljava/lang/Runnable;)V+0
j  com.sun.glass.ui.win.WinApplication.lambda$null$148(ILjava/lang/Runnable;)V+8
j  com.sun.glass.ui.win.WinApplication$$Lambda$38.run()V+12
j  java.lang.Thread.run()V+11
v  ~StubRoutines::call_stub

---------------  P R O C E S S  ---------------

Java Threads: ( => current thread )
  0x000000001fb76000 JavaThread "Prism Font Disposer" daemon [_thread_blocked, id=11648, stack(0x0000000029b70000,0x0000000029c70000)]
  0x000000001f90b800 JavaThread "Thread-3" daemon [_thread_in_native, id=4228, stack(0x00000000291e0000,0x00000000292e0000)]
  0x000000001f8ee800 JavaThread "JavaFX-Launcher" [_thread_blocked, id=7712, stack(0x00000000292e0000,0x00000000293e0000)]
=>0x000000001f866800 JavaThread "JavaFX Application Thread" [_thread_in_native, id=9356, stack(0x0000000020890000,0x0000000020990000)]
  0x000000001f836000 JavaThread "Thread-1" daemon [_thread_blocked, id=768, stack(0x0000000020790000,0x0000000020890000)]
  0x000000001f834800 JavaThread "QuantumRenderer-0" daemon [_thread_blocked, id=13020, stack(0x000000001fff0000,0x00000000200f0000)]
  0x000000001eac8800 JavaThread "Service Thread" daemon [_thread_blocked, id=5400, stack(0x000000001f5f0000,0x000000001f6f0000)]
  0x000000001cb2d800 JavaThread "C1 CompilerThread3" daemon [_thread_blocked, id=3440, stack(0x000000001f4f0000,0x000000001f5f0000)]
  0x000000001ea36800 JavaThread "C2 CompilerThread2" daemon [_thread_blocked, id=11544, stack(0x000000001f3f0000,0x000000001f4f0000)]
  0x000000001ea34000 JavaThread "C2 CompilerThread1" daemon [_thread_blocked, id=8208, stack(0x000000001f2f0000,0x000000001f3f0000)]
  0x000000001ea30000 JavaThread "C2 CompilerThread0" daemon [_thread_blocked, id=6448, stack(0x000000001f1f0000,0x000000001f2f0000)]
  0x000000001ea2e800 JavaThread "Attach Listener" daemon [_thread_blocked, id=11668, stack(0x000000001f0f0000,0x000000001f1f0000)]
  0x000000001ea2b800 JavaThread "Signal Dispatcher" daemon [_thread_blocked, id=3804, stack(0x000000001eff0000,0x000000001f0f0000)]
  0x000000001ea20800 JavaThread "Finalizer" daemon [_thread_blocked, id=9048, stack(0x000000001ee00000,0x000000001ef00000)]
  0x0000000003044000 JavaThread "Reference Handler" daemon [_thread_blocked, id=2840, stack(0x000000001e900000,0x000000001ea00000)]
  0x0000000002f50800 JavaThread "main" [_thread_blocked, id=2440, stack(0x0000000002e20000,0x0000000002f20000)]

Other Threads:
  0x000000001cb19800 VMThread [stack: 0x000000001e800000,0x000000001e900000] [id=11900]
  0x000000001ea62000 WatcherThread [stack: 0x000000001f6f0000,0x000000001f7f0000] [id=8352]

VM state:not at safepoint (normal execution)

VM Mutex/Monitor currently owned by a thread: None

Heap:
 PSYoungGen      total 76288K, used 41982K [0x000000076b000000, 0x0000000770500000, 0x00000007c0000000)
  eden space 65536K, 64% used [0x000000076b000000,0x000000076d8ff930,0x000000076f000000)
  from space 10752K, 0% used [0x000000076fa80000,0x000000076fa80000,0x0000000770500000)
  to   space 10752K, 0% used [0x000000076f000000,0x000000076f000000,0x000000076fa80000)
 ParOldGen       total 175104K, used 0K [0x00000006c1000000, 0x00000006cbb00000, 0x000000076b000000)
  object space 175104K, 0% used [0x00000006c1000000,0x00000006c1000000,0x00000006cbb00000)
 Metaspace       used 16646K, capacity 17598K, committed 17920K, reserved 1064960K
  class space    used 2506K, capacity 2728K, committed 2816K, reserved 1048576K

Card table byte_map: [0x0000000012410000,0x0000000012c10000] byte_map_base: 0x000000000ee08000

Marking Bits: (ParMarkBitMap*) 0x0000000051c1d850
 Begin Bits: [0x0000000013960000, 0x0000000017920000)
 End Bits:   [0x0000000017920000, 0x000000001b8e0000)

Polling page: 0x0000000001040000

CodeCache: size=245760Kb used=5510Kb max_used=5521Kb free=240249Kb
 bounds [0x0000000003050000, 0x00000000035c0000, 0x0000000012050000]
 total_blobs=2440 nmethods=1766 adapters=586
 compilation: enabled

Compilation events (10 events):
Event: 3.452 Thread 0x000000001ea30000 1764       4       javafx.scene.Node::getClip (21 bytes)
Event: 3.452 Thread 0x000000001cb2d800 nmethod 1761 0x00000000035afb90 code [0x00000000035afd00, 0x00000000035b0068]
Event: 3.452 Thread 0x000000001cb2d800 1762       3       javafx.beans.property.ReadOnlyObjectWrapper::getReadOnlyProperty (25 bytes)
Event: 3.452 Thread 0x000000001cb2d800 nmethod 1762 0x00000000035b2950 code [0x00000000035b2ae0, 0x00000000035b2f50]
Event: 3.452 Thread 0x000000001cb2d800 1763       3       javafx.beans.property.ObjectPropertyBase::invalidated (1 bytes)
Event: 3.452 Thread 0x000000001cb2d800 nmethod 1763 0x00000000035b31d0 code [0x00000000035b3320, 0x00000000035b3470]
Event: 3.452 Thread 0x000000001cb2d800 1765       1       com.sun.scenario.animation.AbstractMasterTimer::access$600 (5 bytes)
Event: 3.452 Thread 0x000000001cb2d800 nmethod 1765 0x00000000035b3510 code [0x00000000035b3660, 0x00000000035b3750]
Event: 3.452 Thread 0x000000001cb2d800 1766       1       com.sun.scenario.animation.AbstractMasterTimer::access$700 (5 bytes)
Event: 3.452 Thread 0x000000001cb2d800 nmethod 1766 0x00000000035b37d0 code [0x00000000035b3920, 0x00000000035b3a10]

GC Heap History (0 events):
No events

Deoptimization events (10 events):
Event: 1.677 Thread 0x000000001f866800 Uncommon trap: reason=unstable_if action=reinterpret pc=0x00000000033d59ac method=java.io.ByteArrayInputStream.read()I @ 8
Event: 1.677 Thread 0x000000001f866800 Uncommon trap: reason=class_check action=maybe_recompile pc=0x0000000003409730 method=java.io.FilterInputStream.read()I @ 4
Event: 1.677 Thread 0x000000001f866800 Uncommon trap: reason=class_check action=maybe_recompile pc=0x0000000003409730 method=java.io.FilterInputStream.read()I @ 4
Event: 1.677 Thread 0x000000001f866800 Uncommon trap: reason=class_check action=maybe_recompile pc=0x0000000003409730 method=java.io.FilterInputStream.read()I @ 4
Event: 1.677 Thread 0x000000001f866800 Uncommon trap: reason=class_check action=maybe_recompile pc=0x0000000003409730 method=java.io.FilterInputStream.read()I @ 4
Event: 1.709 Thread 0x000000001f866800 Uncommon trap: reason=unstable_if action=reinterpret pc=0x000000000354803c method=jdk.internal.org.objectweb.asm.Item.isEqualTo(Ljdk/internal/org/objectweb/asm/Item;)Z @ 331
Event: 2.276 Thread 0x000000001f866800 Uncommon trap: reason=class_check action=maybe_recompile pc=0x00000000034da0f4 method=javafx.beans.property.BooleanPropertyBase.get()Z @ 23
Event: 2.277 Thread 0x000000001f866800 Uncommon trap: reason=class_check action=maybe_recompile pc=0x00000000034da0f4 method=javafx.beans.property.BooleanPropertyBase.get()Z @ 23
Event: 2.277 Thread 0x000000001f866800 Uncommon trap: reason=class_check action=maybe_recompile pc=0x00000000034da0f4 method=javafx.beans.property.BooleanPropertyBase.get()Z @ 23
Event: 2.278 Thread 0x000000001f866800 Uncommon trap: reason=class_check action=maybe_recompile pc=0x00000000034da0f4 method=javafx.beans.property.BooleanPropertyBase.get()Z @ 23

Internal exceptions (10 events):
Event: 0.072 Thread 0x0000000002f50800 Exception <a 'java/lang/NoSuchFieldError': method resolution failed> (0x000000076b2c2cc0) thrown at [C:\re\workspace\8-2-build-windows-amd64-cygwin\jdk8u144\9417\hotspot\src\share\vm\prims\methodHandles.cpp, line 1146]
Event: 0.072 Thread 0x0000000002f50800 Exception <a 'java/lang/NoSuchFieldError': method resolution failed> (0x000000076b2d0040) thrown at [C:\re\workspace\8-2-build-windows-amd64-cygwin\jdk8u144\9417\hotspot\src\share\vm\prims\methodHandles.cpp, line 1146]
Event: 0.083 Thread 0x0000000002f50800 Exception <a 'java/security/PrivilegedActionException'> (0x000000076b35aea8) thrown at [C:\re\workspace\8-2-build-windows-amd64-cygwin\jdk8u144\9417\hotspot\src\share\vm\prims\jvm.cpp, line 1390]
Event: 0.083 Thread 0x0000000002f50800 Exception <a 'java/security/PrivilegedActionException'> (0x000000076b35b0b8) thrown at [C:\re\workspace\8-2-build-windows-amd64-cygwin\jdk8u144\9417\hotspot\src\share\vm\prims\jvm.cpp, line 1390]
Event: 0.083 Thread 0x0000000002f50800 Exception <a 'java/security/PrivilegedActionException'> (0x000000076b35efc8) thrown at [C:\re\workspace\8-2-build-windows-amd64-cygwin\jdk8u144\9417\hotspot\src\share\vm\prims\jvm.cpp, line 1390]
Event: 0.083 Thread 0x0000000002f50800 Exception <a 'java/security/PrivilegedActionException'> (0x000000076b35f1d8) thrown at [C:\re\workspace\8-2-build-windows-amd64-cygwin\jdk8u144\9417\hotspot\src\share\vm\prims\jvm.cpp, line 1390]
Event: 0.083 Thread 0x0000000002f50800 Exception <a 'java/lang/NullPointerException'> (0x000000076b35f7b0) thrown at [C:\re\workspace\8-2-build-windows-amd64-cygwin\jdk8u144\9417\hotspot\src\share\vm\interpreter\linkResolver.cpp, line 1197]
Event: 0.273 Thread 0x000000001f866800 Exception <a 'java/lang/NullPointerException'> (0x000000076bebfe30) thrown at [C:\re\workspace\8-2-build-windows-amd64-cygwin\jdk8u144\9417\hotspot\src\share\vm\interpreter\linkResolver.cpp, line 1197]
Event: 0.273 Thread 0x000000001f866800 Exception <a 'java/lang/NullPointerException'> (0x000000076bebfe30) thrown at [C:\re\workspace\8-2-build-windows-amd64-cygwin\jdk8u144\9417\hotspot\src\share\vm\prims\jvm.cpp, line 1394]
Event: 0.355 Thread 0x000000001f866800 Implicit null exception at 0x00000000032bc6b5 to 0x00000000032bc8e1

Events (10 events):
Event: 3.450 loading class com/sun/javafx/tk/quantum/WindowStage
Event: 3.450 loading class com/sun/javafx/tk/quantum/WindowStage done
Event: 3.450 loading class com/sun/prism/GraphicsResource
Event: 3.450 loading class com/sun/prism/GraphicsResource done
Event: 3.450 loading class com/sun/prism/GraphicsResource
Event: 3.450 loading class com/sun/prism/GraphicsResource done
Event: 3.450 loading class com/sun/javafx/tk/quantum/ViewScene
Event: 3.450 loading class com/sun/javafx/tk/quantum/ViewScene done
Event: 3.451 loading class com/sun/javafx/tk/quantum/WindowStage
Event: 3.451 loading class com/sun/javafx/tk/quantum/WindowStage done


Dynamic libraries:
0x00007ff75b950000 - 0x00007ff75b987000 	C:\Program Files\Java\jdk1.8.0_144\bin\java.exe
0x00007ffc8aa50000 - 0x00007ffc8ac31000 	C:\WINDOWS\SYSTEM32\ntdll.dll
0x00007ffc8a520000 - 0x00007ffc8a5d1000 	C:\WINDOWS\System32\KERNEL32.DLL
0x00007ffc87100000 - 0x00007ffc87373000 	C:\WINDOWS\System32\KERNELBASE.dll
0x00007ffc8a970000 - 0x00007ffc8aa11000 	C:\WINDOWS\System32\ADVAPI32.dll
0x00007ffc8a710000 - 0x00007ffc8a7ae000 	C:\WINDOWS\System32\msvcrt.dll
0x00007ffc89db0000 - 0x00007ffc89e0b000 	C:\WINDOWS\System32\sechost.dll
0x00007ffc8a5e0000 - 0x00007ffc8a704000 	C:\WINDOWS\System32\RPCRT4.dll
0x00007ffc89e10000 - 0x00007ffc89fa0000 	C:\WINDOWS\System32\USER32.dll
0x00007ffc870e0000 - 0x00007ffc87100000 	C:\WINDOWS\System32\win32u.dll
0x00007ffc89520000 - 0x00007ffc89548000 	C:\WINDOWS\System32\GDI32.dll
0x00007ffc86e20000 - 0x00007ffc86fb2000 	C:\WINDOWS\System32\gdi32full.dll
0x00007ffc86fc0000 - 0x00007ffc8705f000 	C:\WINDOWS\System32\msvcp_win.dll
0x00007ffc87430000 - 0x00007ffc87528000 	C:\WINDOWS\System32\ucrtbase.dll
0x00007ffc7c960000 - 0x00007ffc7cbc9000 	C:\WINDOWS\WinSxS\amd64_microsoft.windows.common-controls_6595b64144ccf1df_6.0.17134.706_none_fb43a2cb30647007\COMCTL32.dll
0x00007ffc89fa0000 - 0x00007ffc8a2c2000 	C:\WINDOWS\System32\combase.dll
0x00007ffc87060000 - 0x00007ffc870da000 	C:\WINDOWS\System32\bcryptPrimitives.dll
0x00007ffc89400000 - 0x00007ffc8942d000 	C:\WINDOWS\System32\IMM32.DLL
0x0000000051320000 - 0x00000000513f2000 	C:\Program Files\Java\jdk1.8.0_144\jre\bin\msvcr100.dll
0x0000000051400000 - 0x0000000051c9d000 	C:\Program Files\Java\jdk1.8.0_144\jre\bin\server\jvm.dll
0x00007ffc87ee0000 - 0x00007ffc87ee8000 	C:\WINDOWS\System32\PSAPI.DLL
0x00007ffc77ef0000 - 0x00007ffc77ef9000 	C:\WINDOWS\SYSTEM32\WSOCK32.dll
0x00007ffc823c0000 - 0x00007ffc823ca000 	C:\WINDOWS\SYSTEM32\VERSION.dll
0x00007ffc83c00000 - 0x00007ffc83c23000 	C:\WINDOWS\SYSTEM32\WINMM.dll
0x00007ffc8a7b0000 - 0x00007ffc8a81c000 	C:\WINDOWS\System32\WS2_32.dll
0x00007ffc83bd0000 - 0x00007ffc83bfa000 	C:\WINDOWS\SYSTEM32\winmmbase.dll
0x00007ffc87590000 - 0x00007ffc875d9000 	C:\WINDOWS\System32\cfgmgr32.dll
0x00000000512d0000 - 0x00000000512df000 	C:\Program Files\Java\jdk1.8.0_144\jre\bin\verify.dll
0x00000000512a0000 - 0x00000000512c9000 	C:\Program Files\Java\jdk1.8.0_144\jre\bin\java.dll
0x0000000051280000 - 0x0000000051296000 	C:\Program Files\Java\jdk1.8.0_144\jre\bin\zip.dll
0x00007ffc87f60000 - 0x00007ffc893a0000 	C:\WINDOWS\System32\SHELL32.dll
0x00007ffc8a8c0000 - 0x00007ffc8a969000 	C:\WINDOWS\System32\shcore.dll
0x00007ffc875e0000 - 0x00007ffc87ced000 	C:\WINDOWS\System32\windows.storage.dll
0x00007ffc89b20000 - 0x00007ffc89b71000 	C:\WINDOWS\System32\shlwapi.dll
0x00007ffc86d90000 - 0x00007ffc86da1000 	C:\WINDOWS\System32\kernel.appcore.dll
0x00007ffc86db0000 - 0x00007ffc86dcf000 	C:\WINDOWS\System32\profapi.dll
0x00007ffc86dd0000 - 0x00007ffc86e1c000 	C:\WINDOWS\System32\powrprof.dll
0x00007ffc86d60000 - 0x00007ffc86d6a000 	C:\WINDOWS\System32\FLTLIB.DLL
0x00007ffc6f970000 - 0x00007ffc6fa5f000 	C:\Program Files\Java\jdk1.8.0_144\jre\bin\msvcr120.dll
0x00007ffc6f8c0000 - 0x00007ffc6f966000 	C:\Program Files\Java\jdk1.8.0_144\jre\bin\msvcp120.dll
0x0000000050ef0000 - 0x0000000050f12000 	C:\Program Files\Java\jdk1.8.0_144\jre\bin\prism_d3d.dll
0x00007ffc7d390000 - 0x00007ffc7d527000 	C:\WINDOWS\system32\d3d9.dll
0x00007ffc854f0000 - 0x00007ffc85519000 	C:\WINDOWS\SYSTEM32\dwmapi.dll
0x00007ffc85420000 - 0x00007ffc854b8000 	C:\WINDOWS\system32\uxtheme.dll
0x00007ffc81350000 - 0x00007ffc8143e000 	C:\WINDOWS\System32\DriverStore\FileRepository\nv_dispi.inf_amd64_5db32447b43ce666\nvldumdx.dll
0x00007ffc87cf0000 - 0x00007ffc87ed2000 	C:\WINDOWS\System32\crypt32.dll
0x00007ffc86d70000 - 0x00007ffc86d82000 	C:\WINDOWS\System32\MSASN1.dll
0x00007ffc87530000 - 0x00007ffc87587000 	C:\WINDOWS\System32\WINTRUST.DLL
0x00007ffc89b00000 - 0x00007ffc89b1d000 	C:\WINDOWS\System32\imagehlp.dll
0x00007ffc86790000 - 0x00007ffc867a7000 	C:\WINDOWS\SYSTEM32\CRYPTSP.dll
0x00007ffc861c0000 - 0x00007ffc861f3000 	C:\WINDOWS\system32\rsaenh.dll
0x00007ffc868c0000 - 0x00007ffc868e5000 	C:\WINDOWS\SYSTEM32\bcrypt.dll
0x00007ffc867b0000 - 0x00007ffc867bb000 	C:\WINDOWS\SYSTEM32\CRYPTBASE.dll
0x00007ffc37c50000 - 0x00007ffc3903a000 	C:\WINDOWS\System32\DriverStore\FileRepository\nv_dispi.inf_amd64_5db32447b43ce666\nvd3dumx.dll
0x0000000050dd0000 - 0x0000000050e13000 	C:\Program Files\Java\jdk1.8.0_144\jre\bin\glass.dll
0x00007ffc89430000 - 0x00007ffc8951d000 	C:\WINDOWS\System32\COMDLG32.dll
0x00007ffc89550000 - 0x00007ffc896a1000 	C:\WINDOWS\System32\ole32.dll
0x00007ffc8a2d0000 - 0x00007ffc8a392000 	C:\WINDOWS\System32\OLEAUT32.dll
0x00007ffc8a3a0000 - 0x00007ffc8a513000 	C:\WINDOWS\System32\MSCTF.dll
0x00007ffc7d680000 - 0x00007ffc7d744000 	C:\Program Files (x86)\NVIDIA Corporation\3D Vision\nvSCPAPI64.dll
0x00007ffc896b0000 - 0x00007ffc89afb000 	C:\WINDOWS\System32\SETUPAPI.dll
0x00007ffc5dbe0000 - 0x00007ffc5de87000 	C:\WINDOWS\system32\nvspcap64.dll
0x00007ffc796c0000 - 0x00007ffc79889000 	C:\WINDOWS\SYSTEM32\dbghelp.dll
0x00007ffc761f0000 - 0x00007ffc76219000 	C:\WINDOWS\SYSTEM32\dbgcore.DLL
0x00007ffc85e50000 - 0x00007ffc85e81000 	C:\WINDOWS\SYSTEM32\ntmarta.dll
0x00007ffc85aa0000 - 0x00007ffc85ac2000 	C:\WINDOWS\SYSTEM32\gpapi.dll
0x00007ffc81480000 - 0x00007ffc814ae000 	C:\WINDOWS\SYSTEM32\cryptnet.dll
0x0000000050ed0000 - 0x0000000050ee4000 	C:\Program Files\Java\jdk1.8.0_144\jre\bin\javafx_font.dll
0x0000000051260000 - 0x000000005127a000 	C:\Program Files\Java\jdk1.8.0_144\jre\bin\net.dll
0x00007ffc865e0000 - 0x00007ffc86646000 	C:\WINDOWS\system32\mswsock.dll
0x0000000051240000 - 0x0000000051251000 	C:\Program Files\Java\jdk1.8.0_144\jre\bin\nio.dll
0x00007ffc6ea10000 - 0x00007ffc6ed2c000 	C:\WINDOWS\SYSTEM32\dwrite.dll
0x00007ffc8a820000 - 0x00007ffc8a8c0000 	C:\WINDOWS\System32\clbcatq.dll
0x00007ffc83210000 - 0x00007ffc833be000 	C:\WINDOWS\SYSTEM32\WindowsCodecs.dll
0x00007ffc6afa0000 - 0x00007ffc6aff8000 	C:\WINDOWS\system32\dataexchange.dll
0x00007ffc84120000 - 0x00007ffc8442b000 	C:\WINDOWS\system32\d3d11.dll
0x00007ffc84a00000 - 0x00007ffc84b9c000 	C:\WINDOWS\system32\dcomp.dll
0x00007ffc85b20000 - 0x00007ffc85bdb000 	C:\WINDOWS\system32\dxgi.dll
0x00007ffc855d0000 - 0x00007ffc85788000 	C:\WINDOWS\system32\twinapi.appcore.dll
0x00007ffc85790000 - 0x00007ffc857b9000 	C:\WINDOWS\system32\RMCLIENT.dll
0x00007ffc6fe40000 - 0x00007ffc6fe74000 	C:\Program Files\Common Files\Microsoft Shared\Ink\rtscom.dll
0x00007ffc73240000 - 0x00007ffc732d6000 	C:\WINDOWS\System32\TextInputFramework.dll
0x00007ffc828d0000 - 0x00007ffc82bee000 	C:\WINDOWS\System32\CoreUIComponents.dll
0x00007ffc84ee0000 - 0x00007ffc84fba000 	C:\WINDOWS\System32\CoreMessaging.dll
0x00007ffc826e0000 - 0x00007ffc8282d000 	C:\WINDOWS\SYSTEM32\wintypes.dll
0x0000000050db0000 - 0x0000000050dc1000 	C:\Program Files\Java\jdk1.8.0_144\jre\bin\prism_common.dll

VM Arguments:
jvm_args: -Dfile.encoding=UTF-8 
java_command: carDealership.Store
java_class_path (initial): E:\Temp schoolwork\java02_final_project\project\CarDealership\prog24178-utils.jar;E:\Temp schoolwork\java02_final_project\project\CarDealership\build\classes
Launcher Type: SUN_STANDARD

Environment Variables:
PATH=C:\ProgramData\Oracle\Java\javapath;C:\Program Files (x86)\NVIDIA Corporation\PhysX\Common;C:\WINDOWS\system32;C:\WINDOWS;C:\WINDOWS\System32\Wbem;C:\WINDOWS\System32\WindowsPowerShell\v1.0\;C:\Program Files (x86)\ATI Technologies\ATI.ACE\Core-Static;C:\Program Files (x86)\AMD\ATI.ACE\Core-Static;C:\WINDOWS\System32\OpenSSH\;C:\Program Files\NVIDIA Corporation\NVIDIA NvDLISR;C:\Users\Frankie\AppData\Local\Microsoft\WindowsApps;
USERNAME=Frankie
OS=Windows_NT
PROCESSOR_IDENTIFIER=Intel64 Family 6 Model 158 Stepping 9, GenuineIntel



---------------  S Y S T E M  ---------------

OS: Windows 10.0 , 64 bit Build 17134 (10.0.17134.706)

CPU:total 8 (initial active 8) (4 cores per cpu, 2 threads per core) family 6 model 158 stepping 9, cmov, cx8, fxsr, mmx, sse, sse2, sse3, ssse3, sse4.1, sse4.2, popcnt, avx, avx2, aes, clmul, erms, rtm, 3dnowpref, lzcnt, ht, tsc, tscinvbit, bmi1, bmi2, adx

Memory: 4k page, physical 16708696k(10631796k free), swap 19199064k(10377860k free)

vm_info: Java HotSpot(TM) 64-Bit Server VM (25.144-b01) for windows-amd64 JRE (1.8.0_144-b01), built on Jul 21 2017 21:57:33 by "java_re" with MS VC++ 10.0 (VS2010)

time: Sat Apr 13 19:41:52 2019
elapsed time: 3 seconds (0d 0h 0m 3s)

